0 info it worked if it ends with ok
1 verbose cli [ 'node',
1 verbose cli   '/usr/bin/npm',
1 verbose cli   'i',
1 verbose cli   '--save-dev',
1 verbose cli   'eslint-plugin-standard',
1 verbose cli   'eslint-config-standard' ]
2 info using npm@2.14.1
3 info using node@v0.12.7
4 verbose node symlink /usr/bin/node
5 verbose install initial load of /home/linglong/workspace/test-projects/eslint-test/package.json
6 warn package.json eslint-test@1.0.0 No description
7 warn package.json eslint-test@1.0.0 No README data
8 verbose installManyTop reading scoped package data from /home/linglong/workspace/test-projects/eslint-test/node_modules/eslint/package.json
9 verbose installManyTop reading scoped package data from /home/linglong/workspace/test-projects/eslint-test/node_modules/eslint-config-google/package.json
10 info package.json eslint-config-google@0.6.0 license should be a valid SPDX license expression
11 verbose readDependencies loading dependencies from /home/linglong/workspace/test-projects/eslint-test/package.json
12 silly cache add args [ 'eslint-plugin-standard', null ]
13 verbose cache add spec eslint-plugin-standard
14 silly cache add args [ 'eslint-config-standard', null ]
15 verbose cache add spec eslint-config-standard
16 silly cache add parsed spec { raw: 'eslint-plugin-standard',
16 silly cache add   scope: null,
16 silly cache add   name: 'eslint-plugin-standard',
16 silly cache add   rawSpec: '',
16 silly cache add   spec: '*',
16 silly cache add   type: 'range' }
17 silly addNamed eslint-plugin-standard@*
18 verbose addNamed "*" is a valid semver range for eslint-plugin-standard
19 silly addNameRange { name: 'eslint-plugin-standard', range: '*', hasData: false }
20 silly mapToRegistry name eslint-plugin-standard
21 silly mapToRegistry using default registry
22 silly mapToRegistry registry https://registry.npmjs.org/
23 silly mapToRegistry uri https://registry.npmjs.org/eslint-plugin-standard
24 verbose addNameRange registry:https://registry.npmjs.org/eslint-plugin-standard not in flight; fetching
25 silly cache add parsed spec { raw: 'eslint-config-standard',
25 silly cache add   scope: null,
25 silly cache add   name: 'eslint-config-standard',
25 silly cache add   rawSpec: '',
25 silly cache add   spec: '*',
25 silly cache add   type: 'range' }
26 silly addNamed eslint-config-standard@*
27 verbose addNamed "*" is a valid semver range for eslint-config-standard
28 silly addNameRange { name: 'eslint-config-standard', range: '*', hasData: false }
29 silly mapToRegistry name eslint-config-standard
30 silly mapToRegistry using default registry
31 silly mapToRegistry registry https://registry.npmjs.org/
32 silly mapToRegistry uri https://registry.npmjs.org/eslint-config-standard
33 verbose addNameRange registry:https://registry.npmjs.org/eslint-config-standard not in flight; fetching
34 verbose request uri https://registry.npmjs.org/eslint-plugin-standard
35 verbose request no auth needed
36 info attempt registry request try #1 at 16:16:48
37 verbose request id 58933525955388df
38 verbose etag "87XM6L9TMO9G4AWJ4ICLDYTBJ"
39 http request GET https://registry.npmjs.org/eslint-plugin-standard
40 verbose request uri https://registry.npmjs.org/eslint-config-standard
41 verbose request no auth needed
42 info attempt registry request try #1 at 16:16:48
43 verbose etag "8OYYSMM5MDQD9H0B0PX49N8OF"
44 http request GET https://registry.npmjs.org/eslint-config-standard
45 http 304 https://registry.npmjs.org/eslint-config-standard
46 silly get cb [ 304,
46 silly get   { date: 'Tue, 05 Jul 2016 14:16:49 GMT',
46 silly get     via: '1.1 varnish',
46 silly get     'cache-control': 'max-age=300',
46 silly get     etag: '"8OYYSMM5MDQD9H0B0PX49N8OF"',
46 silly get     age: '196',
46 silly get     connection: 'keep-alive',
46 silly get     'x-served-by': 'cache-fra1249-FRA',
46 silly get     'x-cache': 'HIT',
46 silly get     'x-cache-hits': '2',
46 silly get     'x-timer': 'S1467728209.134286,VS0,VE0',
46 silly get     vary: 'Accept-Encoding' } ]
47 verbose etag https://registry.npmjs.org/eslint-config-standard from cache
48 verbose get saving eslint-config-standard to /home/linglong/.npm/registry.npmjs.org/eslint-config-standard/.cache.json
49 http 304 https://registry.npmjs.org/eslint-plugin-standard
50 silly get cb [ 304,
50 silly get   { date: 'Tue, 05 Jul 2016 14:16:49 GMT',
50 silly get     via: '1.1 varnish',
50 silly get     'cache-control': 'max-age=300',
50 silly get     etag: '"87XM6L9TMO9G4AWJ4ICLDYTBJ"',
50 silly get     age: '197',
50 silly get     connection: 'keep-alive',
50 silly get     'x-served-by': 'cache-fra1232-FRA',
50 silly get     'x-cache': 'HIT',
50 silly get     'x-cache-hits': '1',
50 silly get     'x-timer': 'S1467728209.135368,VS0,VE0',
50 silly get     vary: 'Accept-Encoding' } ]
51 verbose etag https://registry.npmjs.org/eslint-plugin-standard from cache
52 verbose get saving eslint-plugin-standard to /home/linglong/.npm/registry.npmjs.org/eslint-plugin-standard/.cache.json
53 silly addNameRange number 2 { name: 'eslint-plugin-standard', range: '*', hasData: true }
54 silly addNameRange versions [ 'eslint-plugin-standard',
54 silly addNameRange   [ '1.0.0', '1.1.0', '1.2.0', '1.3.0', '1.3.1', '1.3.2' ] ]
55 silly addNamed eslint-plugin-standard@1.3.2
56 verbose addNamed "1.3.2" is a plain semver version for eslint-plugin-standard
57 silly addNameRange number 2 { name: 'eslint-config-standard', range: '*', hasData: true }
58 silly addNameRange versions [ 'eslint-config-standard',
58 silly addNameRange   [ '1.0.0',
58 silly addNameRange     '1.0.1',
58 silly addNameRange     '1.1.0',
58 silly addNameRange     '1.1.1',
58 silly addNameRange     '1.2.0',
58 silly addNameRange     '1.3.0',
58 silly addNameRange     '1.3.1',
58 silly addNameRange     '2.0.0',
58 silly addNameRange     '2.0.1',
58 silly addNameRange     '2.0.2',
58 silly addNameRange     '3.0.0',
58 silly addNameRange     '3.1.0',
58 silly addNameRange     '3.2.0',
58 silly addNameRange     '3.3.0',
58 silly addNameRange     '3.4.0',
58 silly addNameRange     '3.4.1',
58 silly addNameRange     '4.0.0-0',
58 silly addNameRange     '4.0.0-1',
58 silly addNameRange     '4.0.0-2',
58 silly addNameRange     '4.0.0-3',
58 silly addNameRange     '4.0.0-4',
58 silly addNameRange     '4.0.0-5',
58 silly addNameRange     '4.0.0',
58 silly addNameRange     '4.1.0',
58 silly addNameRange     '4.2.0',
58 silly addNameRange     '4.3.0',
58 silly addNameRange     '4.3.1',
58 silly addNameRange     '4.3.2',
58 silly addNameRange     '4.4.0',
58 silly addNameRange     '5.0.0',
58 silly addNameRange     '5.1.0',
58 silly addNameRange     '5.2.0',
58 silly addNameRange     '5.3.0',
58 silly addNameRange     '5.3.1' ] ]
59 silly addNamed eslint-config-standard@5.3.1
60 verbose addNamed "5.3.1" is a plain semver version for eslint-config-standard
61 silly cache afterAdd eslint-plugin-standard@1.3.2
62 verbose afterAdd /home/linglong/.npm/eslint-plugin-standard/1.3.2/package/package.json not in flight; writing
63 silly cache afterAdd eslint-config-standard@5.3.1
64 verbose afterAdd /home/linglong/.npm/eslint-config-standard/5.3.1/package/package.json not in flight; writing
65 verbose afterAdd /home/linglong/.npm/eslint-config-standard/5.3.1/package/package.json written
66 verbose afterAdd /home/linglong/.npm/eslint-plugin-standard/1.3.2/package/package.json written
67 silly install resolved [ { name: 'eslint-config-standard',
67 silly install resolved     description: 'JavaScript Standard Style - ESLint Shareable Config',
67 silly install resolved     version: '5.3.1',
67 silly install resolved     author:
67 silly install resolved      { name: 'Feross Aboukhadijeh',
67 silly install resolved        email: 'feross@feross.org',
67 silly install resolved        url: 'http://feross.org/' },
67 silly install resolved     bugs: { url: 'https://github.com/feross/eslint-config-standard/issues' },
67 silly install resolved     devDependencies:
67 silly install resolved      { eslint: '^2.9.0',
67 silly install resolved        'eslint-plugin-promise': '^1.0.8',
67 silly install resolved        'eslint-plugin-standard': '^1.3.1',
67 silly install resolved        tape: '^4.0.0' },
67 silly install resolved     homepage: 'https://github.com/feross/eslint-config-standard',
67 silly install resolved     keywords:
67 silly install resolved      [ 'JavaScript Standard Style',
67 silly install resolved        'check',
67 silly install resolved        'checker',
67 silly install resolved        'code',
67 silly install resolved        'code checker',
67 silly install resolved        'code linter',
67 silly install resolved        'code standards',
67 silly install resolved        'code style',
67 silly install resolved        'enforce',
67 silly install resolved        'eslint',
67 silly install resolved        'eslintconfig',
67 silly install resolved        'hint',
67 silly install resolved        'jscs',
67 silly install resolved        'jshint',
67 silly install resolved        'lint',
67 silly install resolved        'policy',
67 silly install resolved        'quality',
67 silly install resolved        'simple',
67 silly install resolved        'standard',
67 silly install resolved        'standard style',
67 silly install resolved        'style',
67 silly install resolved        'style checker',
67 silly install resolved        'style linter',
67 silly install resolved        'verify' ],
67 silly install resolved     license: 'MIT',
67 silly install resolved     main: 'index.js',
67 silly install resolved     peerDependencies:
67 silly install resolved      { eslint: '^2.0.0-rc.0',
67 silly install resolved        'eslint-plugin-promise': '^1.0.8',
67 silly install resolved        'eslint-plugin-standard': '^1.3.1' },
67 silly install resolved     repository:
67 silly install resolved      { type: 'git',
67 silly install resolved        url: 'git://github.com/feross/eslint-config-standard.git' },
67 silly install resolved     scripts: { test: 'tape test/*.js' },
67 silly install resolved     gitHead: 'dddc1b27036bd0d2cd4e310033eb2267dc0dadee',
67 silly install resolved     _id: 'eslint-config-standard@5.3.1',
67 silly install resolved     _shasum: '591c969151744132f561d3b915a812ea413fe490',
67 silly install resolved     _from: 'eslint-config-standard@*',
67 silly install resolved     _npmVersion: '2.15.3',
67 silly install resolved     _nodeVersion: '6.0.0',
67 silly install resolved     _npmUser: { name: 'feross', email: 'feross@feross.org' },
67 silly install resolved     dist:
67 silly install resolved      { shasum: '591c969151744132f561d3b915a812ea413fe490',
67 silly install resolved        tarball: 'https://registry.npmjs.org/eslint-config-standard/-/eslint-config-standard-5.3.1.tgz' },
67 silly install resolved     maintainers: [ [Object] ],
67 silly install resolved     _npmOperationalInternal:
67 silly install resolved      { host: 'packages-16-east.internal.npmjs.com',
67 silly install resolved        tmp: 'tmp/eslint-config-standard-5.3.1.tgz_1462372931094_0.24340720404870808' },
67 silly install resolved     directories: {},
67 silly install resolved     _resolved: 'https://registry.npmjs.org/eslint-config-standard/-/eslint-config-standard-5.3.1.tgz',
67 silly install resolved     readme: 'ERROR: No README data found!' },
67 silly install resolved   { name: 'eslint-plugin-standard',
67 silly install resolved     description: 'ESlint Plugin for the Standard Linter',
67 silly install resolved     version: '1.3.2',
67 silly install resolved     author: { name: 'Jamund Ferguson', email: 'jamund@gmail.com' },
67 silly install resolved     bugs: { url: 'https://github.com/xjamundx/eslint-plugin-standard/issues' },
67 silly install resolved     dependencies: {},
67 silly install resolved     devDependencies: { eslint: '^2.0.0-rc.0', mocha: '^2.2.5' },
67 silly install resolved     homepage: 'https://github.com/xjamundx/eslint-plugin-standard#readme',
67 silly install resolved     keywords: [ 'eslint', 'eslintplugin' ],
67 silly install resolved     license: 'MIT',
67 silly install resolved     main: 'index.js',
67 silly install resolved     repository:
67 silly install resolved      { type: 'git',
67 silly install resolved        url: 'git+https://github.com/xjamundx/eslint-plugin-standard.git' },
67 silly install resolved     scripts: { test: 'standard && mocha tests/' },
67 silly install resolved     gitHead: '12d306f3094bc47d396313f35122f022e477fa71',
67 silly install resolved     _id: 'eslint-plugin-standard@1.3.2',
67 silly install resolved     _shasum: '1b1a8f849f46c9addb5de7c310f61c2059724ac2',
67 silly install resolved     _from: 'eslint-plugin-standard@*',
67 silly install resolved     _npmVersion: '3.5.1',
67 silly install resolved     _nodeVersion: '4.2.2',
67 silly install resolved     _npmUser: { name: 'xjamundx', email: 'jamund@gmail.com' },
67 silly install resolved     maintainers: [ [Object], [Object] ],
67 silly install resolved     dist:
67 silly install resolved      { shasum: '1b1a8f849f46c9addb5de7c310f61c2059724ac2',
67 silly install resolved        tarball: 'https://registry.npmjs.org/eslint-plugin-standard/-/eslint-plugin-standard-1.3.2.tgz' },
67 silly install resolved     _npmOperationalInternal:
67 silly install resolved      { host: 'packages-5-east.internal.npmjs.com',
67 silly install resolved        tmp: 'tmp/eslint-plugin-standard-1.3.2.tgz_1454819023471_0.11581090977415442' },
67 silly install resolved     directories: {},
67 silly install resolved     _resolved: 'https://registry.npmjs.org/eslint-plugin-standard/-/eslint-plugin-standard-1.3.2.tgz',
67 silly install resolved     readme: 'ERROR: No README data found!' } ]
68 info install eslint-config-standard@5.3.1 into /home/linglong/workspace/test-projects/eslint-test
69 info install eslint-plugin-standard@1.3.2 into /home/linglong/workspace/test-projects/eslint-test
70 info installOne eslint-config-standard@5.3.1
71 verbose installOne of eslint-config-standard to /home/linglong/workspace/test-projects/eslint-test not in flight; installing
72 info installOne eslint-plugin-standard@1.3.2
73 verbose installOne of eslint-plugin-standard to /home/linglong/workspace/test-projects/eslint-test not in flight; installing
74 verbose lock using /home/linglong/.npm/_locks/eslint-config-standard-f7414a5e73ed1e13.lock for /home/linglong/workspace/test-projects/eslint-test/node_modules/eslint-config-standard
75 verbose lock using /home/linglong/.npm/_locks/eslint-plugin-standard-0a361b85703ba2d6.lock for /home/linglong/workspace/test-projects/eslint-test/node_modules/eslint-plugin-standard
76 silly install write writing eslint-config-standard 5.3.1 to /home/linglong/workspace/test-projects/eslint-test/node_modules/eslint-config-standard
77 silly install write writing eslint-plugin-standard 1.3.2 to /home/linglong/workspace/test-projects/eslint-test/node_modules/eslint-plugin-standard
78 verbose unbuild node_modules/eslint-config-standard
79 verbose unbuild node_modules/eslint-plugin-standard
80 silly gentlyRm /home/linglong/workspace/test-projects/eslint-test/node_modules/eslint-config-standard is being purged from base /home/linglong/workspace/test-projects/eslint-test
81 verbose gentlyRm don't care about contents; nuking /home/linglong/workspace/test-projects/eslint-test/node_modules/eslint-config-standard
82 silly gentlyRm /home/linglong/workspace/test-projects/eslint-test/node_modules/eslint-plugin-standard is being purged from base /home/linglong/workspace/test-projects/eslint-test
83 verbose gentlyRm don't care about contents; nuking /home/linglong/workspace/test-projects/eslint-test/node_modules/eslint-plugin-standard
84 verbose tar unpack /home/linglong/.npm/eslint-config-standard/5.3.1/package.tgz
85 verbose tar unpacking to /home/linglong/workspace/test-projects/eslint-test/node_modules/eslint-config-standard
86 silly gentlyRm /home/linglong/workspace/test-projects/eslint-test/node_modules/eslint-config-standard is being purged
87 verbose gentlyRm don't care about contents; nuking /home/linglong/workspace/test-projects/eslint-test/node_modules/eslint-config-standard
88 verbose tar unpack /home/linglong/.npm/eslint-plugin-standard/1.3.2/package.tgz
89 verbose tar unpacking to /home/linglong/workspace/test-projects/eslint-test/node_modules/eslint-plugin-standard
90 silly gentlyRm /home/linglong/workspace/test-projects/eslint-test/node_modules/eslint-plugin-standard is being purged
91 verbose gentlyRm don't care about contents; nuking /home/linglong/workspace/test-projects/eslint-test/node_modules/eslint-plugin-standard
92 silly gunzTarPerm modes [ '775', '664' ]
93 silly gunzTarPerm modes [ '775', '664' ]
94 silly gunzTarPerm extractEntry package.json
95 silly gunzTarPerm modified mode [ 'package.json', 420, 436 ]
96 silly gunzTarPerm extractEntry package.json
97 silly gunzTarPerm modified mode [ 'package.json', 420, 436 ]
98 silly gunzTarPerm extractEntry .npmignore
99 silly gunzTarPerm modified mode [ '.npmignore', 420, 436 ]
100 silly gunzTarPerm extractEntry README.md
101 silly gunzTarPerm modified mode [ 'README.md', 420, 436 ]
102 silly gunzTarPerm extractEntry .npmignore
103 silly gunzTarPerm modified mode [ '.npmignore', 420, 436 ]
104 silly gunzTarPerm extractEntry README.md
105 silly gunzTarPerm modified mode [ 'README.md', 420, 436 ]
106 silly gunzTarPerm extractEntry LICENSE
107 silly gunzTarPerm modified mode [ 'LICENSE', 420, 436 ]
108 silly gunzTarPerm extractEntry index.js
109 silly gunzTarPerm modified mode [ 'index.js', 420, 436 ]
110 silly gunzTarPerm extractEntry LICENSE
111 silly gunzTarPerm modified mode [ 'LICENSE', 420, 436 ]
112 silly gunzTarPerm extractEntry index.js
113 silly gunzTarPerm modified mode [ 'index.js', 420, 436 ]
114 silly gunzTarPerm extractEntry rules/array-bracket-even-spacing.js
115 silly gunzTarPerm modified mode [ 'rules/array-bracket-even-spacing.js', 420, 436 ]
116 silly gunzTarPerm extractEntry .travis.yml
117 silly gunzTarPerm modified mode [ '.travis.yml', 420, 436 ]
118 silly gunzTarPerm extractEntry eslintrc.json
119 silly gunzTarPerm modified mode [ 'eslintrc.json', 420, 436 ]
120 silly gunzTarPerm extractEntry rules/computed-property-even-spacing.js
121 silly gunzTarPerm modified mode [ 'rules/computed-property-even-spacing.js', 420, 436 ]
122 silly gunzTarPerm extractEntry rules/object-curly-even-spacing.js
123 silly gunzTarPerm modified mode [ 'rules/object-curly-even-spacing.js', 420, 436 ]
124 silly gunzTarPerm extractEntry test/basic.js
125 silly gunzTarPerm modified mode [ 'test/basic.js', 420, 436 ]
126 silly gunzTarPerm extractEntry test/validate-config.js
127 silly gunzTarPerm modified mode [ 'test/validate-config.js', 420, 436 ]
128 silly gunzTarPerm extractEntry .eslintrc
129 silly gunzTarPerm modified mode [ '.eslintrc', 420, 436 ]
130 silly gunzTarPerm extractEntry tests/array-bracket-even-spacing.js
131 silly gunzTarPerm modified mode [ 'tests/array-bracket-even-spacing.js', 420, 436 ]
132 silly gunzTarPerm extractEntry tests/computed-property-even-spacing.js
133 silly gunzTarPerm modified mode [ 'tests/computed-property-even-spacing.js', 420, 436 ]
134 silly gunzTarPerm extractEntry tests/object-curly-even-spacing.js
135 silly gunzTarPerm modified mode [ 'tests/object-curly-even-spacing.js', 420, 436 ]
136 verbose write writing to /home/linglong/workspace/test-projects/eslint-test/node_modules/eslint-config-standard/package.json
137 info preinstall eslint-config-standard@5.3.1
138 verbose readDependencies loading dependencies from /home/linglong/workspace/test-projects/eslint-test/node_modules/eslint-config-standard/package.json
139 silly prepareForInstallMany adding eslint@^2.0.0-rc.0 from eslint-config-standard peerDependencies
140 silly prepareForInstallMany adding eslint-plugin-promise@^1.0.8 from eslint-config-standard peerDependencies
141 warn peerDependencies The peer dependency eslint@^2.0.0-rc.0 included from eslint-config-standard will no
142 warn peerDependencies longer be automatically installed to fulfill the peerDependency
143 warn peerDependencies in npm 3+. Your application will need to depend on it explicitly.
144 warn peerDependencies The peer dependency eslint-plugin-promise@^1.0.8 included from eslint-config-standard will no
145 warn peerDependencies longer be automatically installed to fulfill the peerDependency
146 warn peerDependencies in npm 3+. Your application will need to depend on it explicitly.
147 verbose readDependencies loading dependencies from /home/linglong/workspace/test-projects/eslint-test/node_modules/eslint-config-standard/package.json
148 silly install resolved []
149 verbose about to build /home/linglong/workspace/test-projects/eslint-test/node_modules/eslint-config-standard
150 info build /home/linglong/workspace/test-projects/eslint-test/node_modules/eslint-config-standard
151 info linkStuff eslint-config-standard@5.3.1
152 silly linkStuff eslint-config-standard@5.3.1 has /home/linglong/workspace/test-projects/eslint-test/node_modules as its parent node_modules
153 verbose linkBins eslint-config-standard@5.3.1
154 verbose linkMans eslint-config-standard@5.3.1
155 verbose rebuildBundles eslint-config-standard@5.3.1
156 info install eslint-config-standard@5.3.1
157 info postinstall eslint-config-standard@5.3.1
158 verbose readDependencies loading dependencies from /home/linglong/workspace/test-projects/eslint-test/package.json
159 verbose targetResolver reading package data from /home/linglong/workspace/test-projects/eslint-test/node_modules/eslint/package.json
160 verbose targetResolver reading package data from /home/linglong/workspace/test-projects/eslint-test/node_modules/eslint-config-google/package.json
161 verbose targetResolver reading package data from /home/linglong/workspace/test-projects/eslint-test/node_modules/eslint-config-standard/package.json
162 verbose targetResolver reading package data from /home/linglong/workspace/test-projects/eslint-test/node_modules/eslint-plugin-standard/package.json
163 verbose targetResolver reading package data from /home/linglong/workspace/test-projects/eslint-test/node_modules/.bin/eslint/package.json
164 verbose already installed skipping eslint@^2.0.0-rc.0 /home/linglong/workspace/test-projects/eslint-test
165 silly cache add args [ 'eslint-plugin-promise@^1.0.8', null ]
166 verbose cache add spec eslint-plugin-promise@^1.0.8
167 silly cache add parsed spec { raw: 'eslint-plugin-promise@^1.0.8',
167 silly cache add   scope: null,
167 silly cache add   name: 'eslint-plugin-promise',
167 silly cache add   rawSpec: '^1.0.8',
167 silly cache add   spec: '>=1.0.8 <2.0.0',
167 silly cache add   type: 'range' }
168 silly addNamed eslint-plugin-promise@>=1.0.8 <2.0.0
169 verbose addNamed ">=1.0.8 <2.0.0" is a valid semver range for eslint-plugin-promise
170 silly addNameRange { name: 'eslint-plugin-promise',
170 silly addNameRange   range: '>=1.0.8 <2.0.0',
170 silly addNameRange   hasData: false }
171 silly mapToRegistry name eslint-plugin-promise
172 silly mapToRegistry using default registry
173 silly mapToRegistry registry https://registry.npmjs.org/
174 silly mapToRegistry uri https://registry.npmjs.org/eslint-plugin-promise
175 verbose addNameRange registry:https://registry.npmjs.org/eslint-plugin-promise not in flight; fetching
176 verbose request uri https://registry.npmjs.org/eslint-plugin-promise
177 verbose request no auth needed
178 info attempt registry request try #1 at 16:16:49
179 verbose etag "BL3DANXY26BGWQPOAR1PWA6JX"
180 http request GET https://registry.npmjs.org/eslint-plugin-promise
181 verbose write writing to /home/linglong/workspace/test-projects/eslint-test/node_modules/eslint-plugin-standard/package.json
182 info preinstall eslint-plugin-standard@1.3.2
183 verbose readDependencies loading dependencies from /home/linglong/workspace/test-projects/eslint-test/node_modules/eslint-plugin-standard/package.json
184 verbose readDependencies loading dependencies from /home/linglong/workspace/test-projects/eslint-test/node_modules/eslint-plugin-standard/package.json
185 silly install resolved []
186 verbose about to build /home/linglong/workspace/test-projects/eslint-test/node_modules/eslint-plugin-standard
187 info build /home/linglong/workspace/test-projects/eslint-test/node_modules/eslint-plugin-standard
188 info linkStuff eslint-plugin-standard@1.3.2
189 silly linkStuff eslint-plugin-standard@1.3.2 has /home/linglong/workspace/test-projects/eslint-test/node_modules as its parent node_modules
190 verbose linkBins eslint-plugin-standard@1.3.2
191 verbose linkMans eslint-plugin-standard@1.3.2
192 verbose rebuildBundles eslint-plugin-standard@1.3.2
193 info install eslint-plugin-standard@1.3.2
194 info postinstall eslint-plugin-standard@1.3.2
195 verbose unlock done using /home/linglong/.npm/_locks/eslint-plugin-standard-0a361b85703ba2d6.lock for /home/linglong/workspace/test-projects/eslint-test/node_modules/eslint-plugin-standard
196 http 200 https://registry.npmjs.org/eslint-plugin-promise
197 silly get cb [ 200,
197 silly get   { server: 'CouchDB/1.5.0 (Erlang OTP/R16B03)',
197 silly get     etag: '"183VF5ZP3DU8BIKKUZL2VU7MQ"',
197 silly get     'content-type': 'application/json',
197 silly get     'content-encoding': 'gzip',
197 silly get     'cache-control': 'max-age=300',
197 silly get     'content-length': '3468',
197 silly get     'accept-ranges': 'bytes',
197 silly get     date: 'Tue, 05 Jul 2016 14:16:49 GMT',
197 silly get     via: '1.1 varnish',
197 silly get     age: '188',
197 silly get     connection: 'keep-alive',
197 silly get     'x-served-by': 'cache-fra1231-FRA',
197 silly get     'x-cache': 'HIT',
197 silly get     'x-cache-hits': '1',
197 silly get     'x-timer': 'S1467728209.271424,VS0,VE0',
197 silly get     vary: 'Accept-Encoding' } ]
198 verbose get saving eslint-plugin-promise to /home/linglong/.npm/registry.npmjs.org/eslint-plugin-promise/.cache.json
199 silly addNameRange number 2 { name: 'eslint-plugin-promise',
199 silly addNameRange   range: '>=1.0.8 <2.0.0',
199 silly addNameRange   hasData: true }
200 silly addNameRange versions [ 'eslint-plugin-promise',
200 silly addNameRange   [ '1.0.0', '1.0.8', '1.1.0', '1.2.0', '1.3.0', '1.3.1', '1.3.2' ] ]
201 silly addNamed eslint-plugin-promise@1.3.2
202 verbose addNamed "1.3.2" is a plain semver version for eslint-plugin-promise
203 silly cache afterAdd eslint-plugin-promise@1.3.2
204 verbose afterAdd /home/linglong/.npm/eslint-plugin-promise/1.3.2/package/package.json not in flight; writing
205 verbose afterAdd /home/linglong/.npm/eslint-plugin-promise/1.3.2/package/package.json written
206 silly install resolved [ { name: 'eslint-plugin-promise',
206 silly install resolved     version: '1.3.2',
206 silly install resolved     description: 'Enforce best practices for JavaScript promises',
206 silly install resolved     keywords:
206 silly install resolved      [ 'eslint',
206 silly install resolved        'eslintplugin',
206 silly install resolved        'eslint-plugin',
206 silly install resolved        'promise',
206 silly install resolved        'promises' ],
206 silly install resolved     author: { name: 'jden', email: 'jason@denizac.org' },
206 silly install resolved     repository:
206 silly install resolved      { type: 'git',
206 silly install resolved        url: 'git+ssh://git@github.com/xjamundx/eslint-plugin-promise.git' },
206 silly install resolved     scripts: { pretest: 'standard', test: 'mocha test' },
206 silly install resolved     devDependencies: { eslint: '^2.11.1', mocha: '^2.3.4', standard: '^5.4.1' },
206 silly install resolved     engines: { node: '>=0.10.0' },
206 silly install resolved     license: 'ISC',
206 silly install resolved     gitHead: 'd6bd2a0f8a70b2a11fce4095b63b1f3f2aa2793d',
206 silly install resolved     bugs: { url: 'https://github.com/xjamundx/eslint-plugin-promise/issues' },
206 silly install resolved     homepage: 'https://github.com/xjamundx/eslint-plugin-promise#readme',
206 silly install resolved     _id: 'eslint-plugin-promise@1.3.2',
206 silly install resolved     _shasum: 'fce332d6f5ff523200a537704863ec3c2422ba7c',
206 silly install resolved     _from: 'eslint-plugin-promise@>=1.0.8 <2.0.0',
206 silly install resolved     _npmVersion: '3.8.0',
206 silly install resolved     _nodeVersion: '4.3.2',
206 silly install resolved     _npmUser: { name: 'xjamundx', email: 'jamund@gmail.com' },
206 silly install resolved     maintainers: [ [Object] ],
206 silly install resolved     dist:
206 silly install resolved      { shasum: 'fce332d6f5ff523200a537704863ec3c2422ba7c',
206 silly install resolved        tarball: 'https://registry.npmjs.org/eslint-plugin-promise/-/eslint-plugin-promise-1.3.2.tgz' },
206 silly install resolved     _npmOperationalInternal:
206 silly install resolved      { host: 'packages-12-west.internal.npmjs.com',
206 silly install resolved        tmp: 'tmp/eslint-plugin-promise-1.3.2.tgz_1464981917463_0.6769580077379942' },
206 silly install resolved     directories: {},
206 silly install resolved     _resolved: 'https://registry.npmjs.org/eslint-plugin-promise/-/eslint-plugin-promise-1.3.2.tgz',
206 silly install resolved     readme: 'ERROR: No README data found!' } ]
207 info install eslint-plugin-promise@1.3.2 into /home/linglong/workspace/test-projects/eslint-test
208 info installOne eslint-plugin-promise@1.3.2
209 verbose installOne of eslint-plugin-promise to /home/linglong/workspace/test-projects/eslint-test not in flight; installing
210 verbose lock using /home/linglong/.npm/_locks/eslint-plugin-promise-9205d72c752a5201.lock for /home/linglong/workspace/test-projects/eslint-test/node_modules/eslint-plugin-promise
211 silly install write writing eslint-plugin-promise 1.3.2 to /home/linglong/workspace/test-projects/eslint-test/node_modules/eslint-plugin-promise
212 verbose unbuild node_modules/eslint-plugin-promise
213 silly gentlyRm /home/linglong/workspace/test-projects/eslint-test/node_modules/eslint-plugin-promise is being purged from base /home/linglong/workspace/test-projects/eslint-test
214 verbose gentlyRm don't care about contents; nuking /home/linglong/workspace/test-projects/eslint-test/node_modules/eslint-plugin-promise
215 verbose tar unpack /home/linglong/.npm/eslint-plugin-promise/1.3.2/package.tgz
216 verbose tar unpacking to /home/linglong/workspace/test-projects/eslint-test/node_modules/eslint-plugin-promise
217 silly gentlyRm /home/linglong/workspace/test-projects/eslint-test/node_modules/eslint-plugin-promise is being purged
218 verbose gentlyRm don't care about contents; nuking /home/linglong/workspace/test-projects/eslint-test/node_modules/eslint-plugin-promise
219 silly gunzTarPerm modes [ '775', '664' ]
220 silly gunzTarPerm extractEntry package.json
221 silly gunzTarPerm modified mode [ 'package.json', 420, 436 ]
222 silly gunzTarPerm extractEntry .npmignore
223 silly gunzTarPerm modified mode [ '.npmignore', 420, 436 ]
224 silly gunzTarPerm extractEntry README.md
225 silly gunzTarPerm modified mode [ 'README.md', 420, 436 ]
226 silly gunzTarPerm extractEntry index.js
227 silly gunzTarPerm modified mode [ 'index.js', 420, 436 ]
228 silly gunzTarPerm extractEntry CHANGELOG.md
229 silly gunzTarPerm modified mode [ 'CHANGELOG.md', 420, 436 ]
230 silly gunzTarPerm extractEntry rules/always-catch.js
231 silly gunzTarPerm modified mode [ 'rules/always-catch.js', 420, 436 ]
232 silly gunzTarPerm extractEntry rules/always-return.js
233 silly gunzTarPerm modified mode [ 'rules/always-return.js', 420, 436 ]
234 silly gunzTarPerm extractEntry rules/catch-or-return.js
235 silly gunzTarPerm modified mode [ 'rules/catch-or-return.js', 420, 436 ]
236 silly gunzTarPerm extractEntry rules/no-native.js
237 silly gunzTarPerm modified mode [ 'rules/no-native.js', 420, 436 ]
238 silly gunzTarPerm extractEntry rules/param-names.js
239 silly gunzTarPerm modified mode [ 'rules/param-names.js', 420, 436 ]
240 silly gunzTarPerm extractEntry .travis.yml
241 silly gunzTarPerm modified mode [ '.travis.yml', 420, 436 ]
242 silly gunzTarPerm extractEntry test/always-catch.test.js
243 silly gunzTarPerm modified mode [ 'test/always-catch.test.js', 420, 436 ]
244 silly gunzTarPerm extractEntry test/always-return.test.js
245 silly gunzTarPerm modified mode [ 'test/always-return.test.js', 420, 436 ]
246 silly gunzTarPerm extractEntry test/catch-or-return.test.js
247 silly gunzTarPerm modified mode [ 'test/catch-or-return.test.js', 420, 436 ]
248 silly gunzTarPerm extractEntry test/index.js
249 silly gunzTarPerm modified mode [ 'test/index.js', 420, 436 ]
250 silly gunzTarPerm extractEntry test/no-native.js
251 silly gunzTarPerm modified mode [ 'test/no-native.js', 420, 436 ]
252 silly gunzTarPerm extractEntry test/param-names.test.js
253 silly gunzTarPerm modified mode [ 'test/param-names.test.js', 420, 436 ]
254 verbose write writing to /home/linglong/workspace/test-projects/eslint-test/node_modules/eslint-plugin-promise/package.json
255 info preinstall eslint-plugin-promise@1.3.2
256 verbose readDependencies loading dependencies from /home/linglong/workspace/test-projects/eslint-test/node_modules/eslint-plugin-promise/package.json
257 verbose readDependencies loading dependencies from /home/linglong/workspace/test-projects/eslint-test/node_modules/eslint-plugin-promise/package.json
258 silly install resolved []
259 verbose about to build /home/linglong/workspace/test-projects/eslint-test/node_modules/eslint-plugin-promise
260 info build /home/linglong/workspace/test-projects/eslint-test/node_modules/eslint-plugin-promise
261 info linkStuff eslint-plugin-promise@1.3.2
262 silly linkStuff eslint-plugin-promise@1.3.2 has /home/linglong/workspace/test-projects/eslint-test/node_modules as its parent node_modules
263 verbose linkBins eslint-plugin-promise@1.3.2
264 verbose linkMans eslint-plugin-promise@1.3.2
265 verbose rebuildBundles eslint-plugin-promise@1.3.2
266 info install eslint-plugin-promise@1.3.2
267 info postinstall eslint-plugin-promise@1.3.2
268 verbose unlock done using /home/linglong/.npm/_locks/eslint-plugin-promise-9205d72c752a5201.lock for /home/linglong/workspace/test-projects/eslint-test/node_modules/eslint-plugin-promise
269 verbose unlock done using /home/linglong/.npm/_locks/eslint-config-standard-f7414a5e73ed1e13.lock for /home/linglong/workspace/test-projects/eslint-test/node_modules/eslint-config-standard
270 verbose validateInstall loading /home/linglong/workspace/test-projects/eslint-test/package.json for validation
271 verbose stack Error: The package eslint@3.0.0 does not satisfy its siblings' peerDependencies requirements!
271 verbose stack     at /usr/lib/node_modules/npm/lib/install.js:125:32
271 verbose stack     at /usr/lib/node_modules/npm/lib/install.js:268:7
271 verbose stack     at /usr/lib/node_modules/npm/node_modules/read-installed/read-installed.js:142:5
271 verbose stack     at /usr/lib/node_modules/npm/node_modules/read-installed/read-installed.js:263:14
271 verbose stack     at cb (/usr/lib/node_modules/npm/node_modules/slide/lib/async-map.js:47:24)
271 verbose stack     at /usr/lib/node_modules/npm/node_modules/read-installed/read-installed.js:263:14
271 verbose stack     at cb (/usr/lib/node_modules/npm/node_modules/slide/lib/async-map.js:47:24)
271 verbose stack     at /usr/lib/node_modules/npm/node_modules/read-installed/read-installed.js:263:14
271 verbose stack     at cb (/usr/lib/node_modules/npm/node_modules/slide/lib/async-map.js:47:24)
271 verbose stack     at /usr/lib/node_modules/npm/node_modules/read-installed/read-installed.js:263:14
272 verbose cwd /home/linglong/workspace/test-projects/eslint-test
273 error Linux 3.16.0-41-generic
274 error argv "node" "/usr/bin/npm" "i" "--save-dev" "eslint-plugin-standard" "eslint-config-standard"
275 error node v0.12.7
276 error npm  v2.14.1
277 error code EPEERINVALID
278 error peerinvalid The package eslint@3.0.0 does not satisfy its siblings' peerDependencies requirements!
278 error peerinvalid Peer eslint-config-standard@5.3.1 wants eslint@^2.0.0-rc.0
278 error peerinvalid Peer eslint-config-google@0.6.0 wants eslint@>=2.7.0
279 verbose exit [ 1, true ]
